[debug] [2020-09-26T11:45:35.729Z] ----------------------------------------------------------------------
[debug] [2020-09-26T11:45:35.731Z] Command:       /usr/bin/node /home/stavyadatta/.npm-global/bin/firebase deploy
[debug] [2020-09-26T11:45:35.731Z] CLI Version:   8.10.0
[debug] [2020-09-26T11:45:35.731Z] Platform:      linux
[debug] [2020-09-26T11:45:35.731Z] Node Version:  v14.9.0
[debug] [2020-09-26T11:45:35.732Z] Time:          Sat Sep 26 2020 17:15:35 GMT+0530 (India Standard Time)
[debug] [2020-09-26T11:45:35.732Z] ----------------------------------------------------------------------
[debug] [2020-09-26T11:45:35.732Z] 
[debug] [2020-09-26T11:45:35.737Z] > command requires scopes: ["email","openid","https://www.googleapis.com/auth/cloudplatformprojects.readonly","https://www.googleapis.com/auth/firebase","https://www.googleapis.com/auth/cloud-platform"]
[debug] [2020-09-26T11:45:35.738Z] > authorizing via signed-in user
[debug] [2020-09-26T11:45:35.738Z] [iam] checking project csafety-fa0b3 for permissions ["cloudfunctions.functions.create","cloudfunctions.functions.delete","cloudfunctions.functions.get","cloudfunctions.functions.list","cloudfunctions.functions.update","cloudfunctions.operations.get","firebase.projects.get","firebasehosting.sites.update"]
[debug] [2020-09-26T11:45:35.741Z] >>> HTTP REQUEST POST https://cloudresourcemanager.googleapis.com/v1/projects/csafety-fa0b3:testIamPermissions  
 {"permissions":["cloudfunctions.functions.create","cloudfunctions.functions.delete","cloudfunctions.functions.get","cloudfunctions.functions.list","cloudfunctions.functions.update","cloudfunctions.operations.get","firebase.projects.get","firebasehosting.sites.update"]}
[debug] [2020-09-26T11:45:37.233Z] <<< HTTP RESPONSE 200 {"content-type":"application/json; charset=UTF-8","vary":"X-Origin, Referer, Origin,Accept-Encoding","date":"Sat, 26 Sep 2020 11:45:37 GMT","server":"ESF","cache-control":"private","x-xss-protection":"0","x-frame-options":"SAMEORIGIN","x-content-type-options":"nosniff","server-timing":"gfet4t7; dur=1345","alt-svc":"h3-Q050=\":443\"; ma=2592000,h3-29=\":443\"; ma=2592000,h3-27=\":443\"; ma=2592000,h3-T051=\":443\"; ma=2592000,h3-T050=\":443\"; ma=2592000,h3-Q046=\":443\"; ma=2592000,h3-Q043=\":443\"; ma=2592000,quic=\":443\"; ma=2592000; v=\"46,43\"","accept-ranges":"none","transfer-encoding":"chunked"}
[debug] [2020-09-26T11:45:37.236Z] >>> HTTP REQUEST POST https://iam.googleapis.com/v1/projects/csafety-fa0b3/serviceAccounts/csafety-fa0b3@appspot.gserviceaccount.com:testIamPermissions  
 {"permissions":["iam.serviceAccounts.actAs"]}
[debug] [2020-09-26T11:45:38.872Z] <<< HTTP RESPONSE 200 {"content-type":"application/json; charset=UTF-8","vary":"X-Origin, Referer, Origin,Accept-Encoding","date":"Sat, 26 Sep 2020 11:45:38 GMT","server":"ESF","cache-control":"private","x-xss-protection":"0","x-frame-options":"SAMEORIGIN","x-content-type-options":"nosniff","alt-svc":"h3-Q050=\":443\"; ma=2592000,h3-29=\":443\"; ma=2592000,h3-27=\":443\"; ma=2592000,h3-T051=\":443\"; ma=2592000,h3-T050=\":443\"; ma=2592000,h3-Q046=\":443\"; ma=2592000,h3-Q043=\":443\"; ma=2592000,quic=\":443\"; ma=2592000; v=\"46,43\"","accept-ranges":"none","transfer-encoding":"chunked"}
[debug] [2020-09-26T11:45:38.876Z] >>> HTTP REQUEST GET https://firebase.googleapis.com/v1beta1/projects/csafety-fa0b3  
 
[debug] [2020-09-26T11:45:39.299Z] <<< HTTP RESPONSE 200 {"content-type":"application/json; charset=UTF-8","vary":"X-Origin, Referer, Origin,Accept-Encoding","date":"Sat, 26 Sep 2020 11:45:39 GMT","server":"ESF","cache-control":"private","x-xss-protection":"0","x-frame-options":"SAMEORIGIN","x-content-type-options":"nosniff","alt-svc":"h3-Q050=\":443\"; ma=2592000,h3-29=\":443\"; ma=2592000,h3-27=\":443\"; ma=2592000,h3-T051=\":443\"; ma=2592000,h3-T050=\":443\"; ma=2592000,h3-Q046=\":443\"; ma=2592000,h3-Q043=\":443\"; ma=2592000,quic=\":443\"; ma=2592000; v=\"46,43\"","accept-ranges":"none","transfer-encoding":"chunked"}
[info] 
[info] === Deploying to 'csafety-fa0b3'...
[info] 
[info] i  deploying functions, hosting 
[info] Running command: npm --prefix "$RESOURCE_DIR" run lint
[info] ✔  functions: Finished running predeploy script. 
[debug] [2020-09-26T11:45:41.629Z] > [functions] package.json contents: {
  "name": "functions",
  "description": "Cloud Functions for Firebase",
  "scripts": {
    "lint": "eslint .",
    "serve": "firebase emulators:start --only functions",
    "shell": "firebase functions:shell",
    "start": "npm run shell",
    "deploy": "firebase deploy --only functions",
    "logs": "firebase functions:log"
  },
  "engines": {
    "node": "10"
  },
  "main": "index.js",
  "dependencies": {
    "express": "^4.17.1",
    "firebase-admin": "^8.10.0",
    "firebase-functions": "^3.6.1"
  },
  "devDependencies": {
    "eslint": "^5.12.0",
    "eslint-plugin-promise": "^4.0.1",
    "firebase-functions-test": "^0.2.0"
  },
  "private": true
}
[info] i  functions: ensuring required API cloudfunctions.googleapis.com is enabled... 
[info] i  functions: ensuring required API cloudbuild.googleapis.com is enabled... 
[debug] [2020-09-26T11:45:42.576Z] >>> HTTP REQUEST GET https://serviceusage.googleapis.com/v1/projects/csafety-fa0b3/services/cloudfunctions.googleapis.com  
 
[debug] [2020-09-26T11:45:42.576Z] >>> HTTP REQUEST GET https://serviceusage.googleapis.com/v1/projects/csafety-fa0b3/services/runtimeconfig.googleapis.com  
 
[debug] [2020-09-26T11:45:42.576Z] >>> HTTP REQUEST GET https://serviceusage.googleapis.com/v1/projects/csafety-fa0b3/services/cloudbuild.googleapis.com  
 
[debug] [2020-09-26T11:45:44.286Z] <<< HTTP RESPONSE 200 {"content-type":"application/json; charset=UTF-8","vary":"X-Origin, Referer, Origin,Accept-Encoding","date":"Sat, 26 Sep 2020 11:45:44 GMT","server":"ESF","cache-control":"private","x-xss-protection":"0","x-frame-options":"SAMEORIGIN","x-content-type-options":"nosniff","alt-svc":"h3-Q050=\":443\"; ma=2592000,h3-29=\":443\"; ma=2592000,h3-27=\":443\"; ma=2592000,h3-T051=\":443\"; ma=2592000,h3-T050=\":443\"; ma=2592000,h3-Q046=\":443\"; ma=2592000,h3-Q043=\":443\"; ma=2592000,quic=\":443\"; ma=2592000; v=\"46,43\"","accept-ranges":"none","transfer-encoding":"chunked"}
[info] ✔  functions: required API cloudfunctions.googleapis.com is enabled 
[debug] [2020-09-26T11:45:44.294Z] <<< HTTP RESPONSE 200 {"content-type":"application/json; charset=UTF-8","vary":"X-Origin, Referer, Origin,Accept-Encoding","date":"Sat, 26 Sep 2020 11:45:44 GMT","server":"ESF","cache-control":"private","x-xss-protection":"0","x-frame-options":"SAMEORIGIN","x-content-type-options":"nosniff","alt-svc":"h3-Q050=\":443\"; ma=2592000,h3-29=\":443\"; ma=2592000,h3-27=\":443\"; ma=2592000,h3-T051=\":443\"; ma=2592000,h3-T050=\":443\"; ma=2592000,h3-Q046=\":443\"; ma=2592000,h3-Q043=\":443\"; ma=2592000,quic=\":443\"; ma=2592000; v=\"46,43\"","accept-ranges":"none","transfer-encoding":"chunked"}
[debug] [2020-09-26T11:45:44.315Z] <<< HTTP RESPONSE 200 {"content-type":"application/json; charset=UTF-8","vary":"X-Origin, Referer, Origin,Accept-Encoding","date":"Sat, 26 Sep 2020 11:45:44 GMT","server":"ESF","cache-control":"private","x-xss-protection":"0","x-frame-options":"SAMEORIGIN","x-content-type-options":"nosniff","alt-svc":"h3-Q050=\":443\"; ma=2592000,h3-29=\":443\"; ma=2592000,h3-27=\":443\"; ma=2592000,h3-T051=\":443\"; ma=2592000,h3-T050=\":443\"; ma=2592000,h3-Q046=\":443\"; ma=2592000,h3-Q043=\":443\"; ma=2592000,quic=\":443\"; ma=2592000; v=\"46,43\"","accept-ranges":"none","transfer-encoding":"chunked"}
[warn] ⚠  functions: missing required API cloudbuild.googleapis.com. Enabling now... 
[debug] [2020-09-26T11:45:44.317Z] >>> HTTP REQUEST POST https://serviceusage.googleapis.com/v1/projects/csafety-fa0b3/services/cloudbuild.googleapis.com:enable  
 
[debug] [2020-09-26T11:45:46.355Z] <<< HTTP RESPONSE 200 {"content-type":"application/json; charset=UTF-8","vary":"X-Origin, Referer, Origin,Accept-Encoding","date":"Sat, 26 Sep 2020 11:45:46 GMT","server":"ESF","cache-control":"private","x-xss-protection":"0","x-frame-options":"SAMEORIGIN","x-content-type-options":"nosniff","alt-svc":"h3-Q050=\":443\"; ma=2592000,h3-29=\":443\"; ma=2592000,h3-27=\":443\"; ma=2592000,h3-T051=\":443\"; ma=2592000,h3-T050=\":443\"; ma=2592000,h3-Q046=\":443\"; ma=2592000,h3-Q043=\":443\"; ma=2592000,quic=\":443\"; ma=2592000; v=\"46,43\"","accept-ranges":"none","transfer-encoding":"chunked"}
[debug] [2020-09-26T11:45:56.362Z] >>> HTTP REQUEST GET https://serviceusage.googleapis.com/v1/projects/csafety-fa0b3/services/cloudbuild.googleapis.com  
 
[debug] [2020-09-26T11:45:58.101Z] <<< HTTP RESPONSE 200 {"content-type":"application/json; charset=UTF-8","vary":"X-Origin, Referer, Origin,Accept-Encoding","date":"Sat, 26 Sep 2020 11:45:58 GMT","server":"ESF","cache-control":"private","x-xss-protection":"0","x-frame-options":"SAMEORIGIN","x-content-type-options":"nosniff","alt-svc":"h3-Q050=\":443\"; ma=2592000,h3-29=\":443\"; ma=2592000,h3-27=\":443\"; ma=2592000,h3-T051=\":443\"; ma=2592000,h3-T050=\":443\"; ma=2592000,h3-Q046=\":443\"; ma=2592000,h3-Q043=\":443\"; ma=2592000,quic=\":443\"; ma=2592000; v=\"46,43\"","accept-ranges":"none","transfer-encoding":"chunked"}
[info] ✔  functions: required API cloudbuild.googleapis.com is enabled 
[debug] [2020-09-26T11:45:58.109Z] >>> HTTP REQUEST GET https://firebase.googleapis.com/v1beta1/projects/csafety-fa0b3/adminSdkConfig  
 
[debug] [2020-09-26T11:45:58.808Z] <<< HTTP RESPONSE 200 {"content-type":"application/json; charset=UTF-8","vary":"X-Origin, Referer, Origin,Accept-Encoding","date":"Sat, 26 Sep 2020 11:45:58 GMT","server":"ESF","cache-control":"private","x-xss-protection":"0","x-frame-options":"SAMEORIGIN","x-content-type-options":"nosniff","alt-svc":"h3-Q050=\":443\"; ma=2592000,h3-29=\":443\"; ma=2592000,h3-27=\":443\"; ma=2592000,h3-T051=\":443\"; ma=2592000,h3-T050=\":443\"; ma=2592000,h3-Q046=\":443\"; ma=2592000,h3-Q043=\":443\"; ma=2592000,quic=\":443\"; ma=2592000; v=\"46,43\"","accept-ranges":"none","transfer-encoding":"chunked"}
[debug] [2020-09-26T11:45:58.809Z] >>> HTTP REQUEST POST https://firebasehosting.googleapis.com/v1beta1/sites/csafety-fa0b3/versions  
 {"config":{"rewrites":[{"glob":"**","function":"app"}]},"labels":{"deployment-tool":"cli-firebase"}}
[debug] [2020-09-26T11:46:01.359Z] <<< HTTP RESPONSE 200 {"content-type":"application/json; charset=UTF-8","vary":"X-Origin, Referer, Origin,Accept-Encoding","date":"Sat, 26 Sep 2020 11:46:01 GMT","server":"ESF","cache-control":"private","x-xss-protection":"0","x-frame-options":"SAMEORIGIN","x-content-type-options":"nosniff","alt-svc":"h3-Q050=\":443\"; ma=2592000,h3-29=\":443\"; ma=2592000,h3-27=\":443\"; ma=2592000,h3-T051=\":443\"; ma=2592000,h3-T050=\":443\"; ma=2592000,h3-Q046=\":443\"; ma=2592000,h3-Q043=\":443\"; ma=2592000,quic=\":443\"; ma=2592000; v=\"46,43\"","accept-ranges":"none","transfer-encoding":"chunked"}
[info] i  functions: preparing functions directory for uploading... 
[debug] [2020-09-26T11:46:01.363Z] >>> HTTP REQUEST GET https://runtimeconfig.googleapis.com/v1beta1/projects/csafety-fa0b3/configs  
 
[debug] [2020-09-26T11:46:01.972Z] <<< HTTP RESPONSE 200 {"content-type":"application/json; charset=UTF-8","vary":"X-Origin, Referer, Origin,Accept-Encoding","date":"Sat, 26 Sep 2020 11:46:01 GMT","server":"ESF","cache-control":"private","x-xss-protection":"0","x-frame-options":"SAMEORIGIN","x-content-type-options":"nosniff","alt-svc":"h3-Q050=\":443\"; ma=2592000,h3-29=\":443\"; ma=2592000,h3-27=\":443\"; ma=2592000,h3-T051=\":443\"; ma=2592000,h3-T050=\":443\"; ma=2592000,h3-Q046=\":443\"; ma=2592000,h3-Q043=\":443\"; ma=2592000,quic=\":443\"; ma=2592000; v=\"46,43\"","accept-ranges":"none","transfer-encoding":"chunked"}
[info] i  functions: packaged functions (93.77 KB) for uploading 
[debug] [2020-09-26T11:46:02.235Z] >>> HTTP REQUEST GET https://cloudfunctions.googleapis.com/v1/projects/csafety-fa0b3/locations/-/functions  
 
[debug] [2020-09-26T11:46:05.831Z] <<< HTTP RESPONSE 200 {"content-type":"application/json; charset=UTF-8","vary":"X-Origin, Referer, Origin,Accept-Encoding","date":"Sat, 26 Sep 2020 11:46:05 GMT","server":"ESF","cache-control":"private","x-xss-protection":"0","x-frame-options":"SAMEORIGIN","x-content-type-options":"nosniff","alt-svc":"h3-Q050=\":443\"; ma=2592000,h3-29=\":443\"; ma=2592000,h3-27=\":443\"; ma=2592000,h3-T051=\":443\"; ma=2592000,h3-T050=\":443\"; ma=2592000,h3-Q046=\":443\"; ma=2592000,h3-Q043=\":443\"; ma=2592000,quic=\":443\"; ma=2592000; v=\"46,43\"","accept-ranges":"none","transfer-encoding":"chunked"}
[debug] [2020-09-26T11:46:05.836Z] [functions] found 1 new HTTP functions, testing setIamPolicy permission...
[debug] [2020-09-26T11:46:05.837Z] >>> HTTP REQUEST POST https://cloudresourcemanager.googleapis.com/v1/projects/csafety-fa0b3:testIamPermissions  
 {"permissions":["cloudfunctions.functions.setIamPolicy"]}
[debug] [2020-09-26T11:46:07.282Z] <<< HTTP RESPONSE 200 {"content-type":"application/json; charset=UTF-8","vary":"X-Origin, Referer, Origin,Accept-Encoding","date":"Sat, 26 Sep 2020 11:46:07 GMT","server":"ESF","cache-control":"private","x-xss-protection":"0","x-frame-options":"SAMEORIGIN","x-content-type-options":"nosniff","server-timing":"gfet4t7; dur=1346","alt-svc":"h3-Q050=\":443\"; ma=2592000,h3-29=\":443\"; ma=2592000,h3-27=\":443\"; ma=2592000,h3-T051=\":443\"; ma=2592000,h3-T050=\":443\"; ma=2592000,h3-Q046=\":443\"; ma=2592000,h3-Q043=\":443\"; ma=2592000,quic=\":443\"; ma=2592000; v=\"46,43\"","accept-ranges":"none","transfer-encoding":"chunked"}
[debug] [2020-09-26T11:46:07.283Z] [functions] found setIamPolicy permission, proceeding with deploy
[debug] [2020-09-26T11:46:07.284Z] >>> HTTP REQUEST POST https://cloudfunctions.googleapis.com/v1/projects/csafety-fa0b3/locations/us-central1/functions:generateUploadUrl  
 
[debug] [2020-09-26T11:46:17.800Z] <<< HTTP RESPONSE 200 {"content-type":"application/json; charset=UTF-8","vary":"X-Origin, Referer, Origin,Accept-Encoding","date":"Sat, 26 Sep 2020 11:46:17 GMT","server":"ESF","cache-control":"private","x-xss-protection":"0","x-frame-options":"SAMEORIGIN","x-content-type-options":"nosniff","alt-svc":"h3-Q050=\":443\"; ma=2592000,h3-29=\":443\"; ma=2592000,h3-27=\":443\"; ma=2592000,h3-T051=\":443\"; ma=2592000,h3-T050=\":443\"; ma=2592000,h3-Q046=\":443\"; ma=2592000,h3-Q043=\":443\"; ma=2592000,quic=\":443\"; ma=2592000; v=\"46,43\"","accept-ranges":"none","transfer-encoding":"chunked"}
[debug] [2020-09-26T11:46:17.802Z] >>> HTTP REQUEST PUT https://storage.googleapis.com/gcf-upload-us-central1-58314b5b-eb69-42ee-b596-2f99f39e3f27/39502e3b-5217-41c4-acc5-5f883bdf1581.zip?GoogleAccessId=service-355693544322@gcf-admin-robot.iam.gserviceaccount.com&Expires=1601122577&Signature=mLsCG%2FuqHlPrJPzZoDrHWKQ5CnkhqhCpBX2jOwOWEdHFvBp8mtZaf20VpUJJeCPMZIhDEZCaH2CQZknF653iCYcguZPatEIcQdDjNDD3NLHw36ACM%2BW%2FJtDD0Dtt0MrXLV4KNk1Pg2WbbtQbfH1MtgjGkdjH9b1KqcH%2F6kse2m4i2LLcqKzMMtaIzJi4IknqhBocsLCMmdA%2BJCvqR82iJE1Tc0Bu6SRdPHcUoZC9u4uGswB6Xlye6WqsYzTk3KMXMekAOnKl6TYjgQzgp8C2W3DEqm7Aefr9UYmjvwZEi%2BQjAj2IKghi7ax%2B2qjqrGOC9FRhG8KVowlYRy8dTk4x2Q%3D%3D  
 <request body omitted>
[debug] [2020-09-26T11:46:18.411Z] <<< HTTP RESPONSE 200 {"x-guploader-uploadid":"ABg5-UwmZ8tLV8OQRJzhdMZu8tXG59I_UBb6q0LHf0Xhv2ZBQbdTfLKPgl7ITWOfD-xnm7Y4EaoyYDS-bV0vJTR1uM4","etag":"\"ff311f1b3c77204da67688cb4a339ee6\"","x-goog-generation":"1601120778335602","x-goog-metageneration":"1","x-goog-hash":"crc32c=Txk0ug==, md5=/zEfGzx3IE2mdojLSjOe5g==","x-goog-stored-content-length":"96017","x-goog-stored-content-encoding":"identity","vary":"Origin","content-length":"0","date":"Sat, 26 Sep 2020 11:46:18 GMT","server":"UploadServer","content-type":"text/html; charset=UTF-8","alt-svc":"h3-Q050=\":443\"; ma=2592000,h3-29=\":443\"; ma=2592000,h3-27=\":443\"; ma=2592000,h3-T051=\":443\"; ma=2592000,h3-T050=\":443\"; ma=2592000,h3-Q046=\":443\"; ma=2592000,h3-Q043=\":443\"; ma=2592000,quic=\":443\"; ma=2592000; v=\"46,43\""}
[info] ✔  functions: functions folder uploaded successfully 
[info] i  hosting[csafety-fa0b3]: beginning deploy... 
[info] i  hosting[csafety-fa0b3]: found 7 files in public 
[debug] [2020-09-26T11:46:18.429Z] [hosting] hash cache [cHVibGlj] not populated
[debug] [2020-09-26T11:46:18.450Z] [hosting] hash cache [cHVibGlj] stored for 7 files
[debug] [2020-09-26T11:46:18.450Z] [hosting][hash queue][FINAL] {"max":12,"min":8,"avg":9.285714285714286,"active":0,"complete":7,"success":7,"errored":0,"retried":0,"total":7,"elapsed":20}
[debug] [2020-09-26T11:46:18.450Z] >>> HTTP REQUEST POST https://firebasehosting.googleapis.com/v1beta1/sites/csafety-fa0b3/versions/2706144896994ba6:populateFiles  
 <request body omitted>
[debug] [2020-09-26T11:46:20.260Z] <<< HTTP RESPONSE 200 {"content-type":"application/json; charset=UTF-8","vary":"X-Origin, Referer, Origin,Accept-Encoding","date":"Sat, 26 Sep 2020 11:46:20 GMT","server":"ESF","cache-control":"private","x-xss-protection":"0","x-frame-options":"SAMEORIGIN","x-content-type-options":"nosniff","alt-svc":"h3-Q050=\":443\"; ma=2592000,h3-29=\":443\"; ma=2592000,h3-27=\":443\"; ma=2592000,h3-T051=\":443\"; ma=2592000,h3-T050=\":443\"; ma=2592000,h3-Q046=\":443\"; ma=2592000,h3-Q043=\":443\"; ma=2592000,quic=\":443\"; ma=2592000; v=\"46,43\"","accept-ranges":"none","transfer-encoding":"chunked"}
[debug] [2020-09-26T11:46:20.272Z] [hosting][populate queue][FINAL] {"max":1815,"min":1815,"avg":1815,"active":0,"complete":1,"success":1,"errored":0,"retried":0,"total":1,"elapsed":1824}
[debug] [2020-09-26T11:46:20.272Z] [hosting] uploads queued: 7
[debug] [2020-09-26T11:46:22.344Z] [hosting][upload queue][FINAL] {"max":2083,"min":1800,"avg":1919.2857142857142,"active":0,"complete":7,"success":7,"errored":0,"retried":0,"total":7,"elapsed":2083}
[info] ✔  hosting[csafety-fa0b3]: file upload complete 
[debug] [2020-09-26T11:46:22.346Z] [hosting] deploy completed after 3932ms
[info] i  functions: creating Node.js 10 function app(us-central1)... 
[debug] [2020-09-26T11:46:22.579Z] Trigger is:  {"httpsTrigger":{}}
[debug] [2020-09-26T11:46:22.584Z] >>> HTTP REQUEST POST https://cloudfunctions.googleapis.com/v1/projects/csafety-fa0b3/locations/us-central1/functions  
 {"sourceUploadUrl":"https://storage.googleapis.com/gcf-upload-us-central1-58314b5b-eb69-42ee-b596-2f99f39e3f27/39502e3b-5217-41c4-acc5-5f883bdf1581.zip?GoogleAccessId=service-355693544322@gcf-admin-robot.iam.gserviceaccount.com&Expires=1601122577&Signature=mLsCG%2FuqHlPrJPzZoDrHWKQ5CnkhqhCpBX2jOwOWEdHFvBp8mtZaf20VpUJJeCPMZIhDEZCaH2CQZknF653iCYcguZPatEIcQdDjNDD3NLHw36ACM%2BW%2FJtDD0Dtt0MrXLV4KNk1Pg2WbbtQbfH1MtgjGkdjH9b1KqcH%2F6kse2m4i2LLcqKzMMtaIzJi4IknqhBocsLCMmdA%2BJCvqR82iJE1Tc0Bu6SRdPHcUoZC9u4uGswB6Xlye6WqsYzTk3KMXMekAOnKl6TYjgQzgp8C2W3DEqm7Aefr9UYmjvwZEi%2BQjAj2IKghi7ax%2B2qjqrGOC9FRhG8KVowlYRy8dTk4x2Q%3D%3D","name":"projects/csafety-fa0b3/locations/us-central1/functions/app","entryPoint":"app","labels":{"deployment-tool":"cli-firebase"},"runtime":"nodejs10","environmentVariables":{"FIREBASE_CONFIG":"{\"projectId\":\"csafety-fa0b3\",\"databaseURL\":\"https://csafety-fa0b3.firebaseio.com\",\"storageBucket\":\"csafety-fa0b3.appspot.com\"}"},"httpsTrigger":{}}
[debug] [2020-09-26T11:46:25.386Z] <<< HTTP RESPONSE 200 {"content-type":"application/json; charset=UTF-8","vary":"X-Origin, Referer, Origin,Accept-Encoding","date":"Sat, 26 Sep 2020 11:46:25 GMT","server":"ESF","cache-control":"private","x-xss-protection":"0","x-frame-options":"SAMEORIGIN","x-content-type-options":"nosniff","alt-svc":"h3-Q050=\":443\"; ma=2592000,h3-29=\":443\"; ma=2592000,h3-27=\":443\"; ma=2592000,h3-T051=\":443\"; ma=2592000,h3-T050=\":443\"; ma=2592000,h3-Q046=\":443\"; ma=2592000,h3-Q043=\":443\"; ma=2592000,quic=\":443\"; ma=2592000; v=\"46,43\"","accept-ranges":"none","transfer-encoding":"chunked"}
[debug] [2020-09-26T11:46:25.387Z] Setting public policy for function app
[debug] [2020-09-26T11:46:25.390Z] >>> HTTP REQUEST POST https://cloudfunctions.googleapis.com/v1/projects/csafety-fa0b3/locations/us-central1/functions/app:setIamPolicy  
 {"policy":{"version":3,"bindings":[{"role":"roles/cloudfunctions.invoker","members":["allUsers"]}]},"updateMask":"version,bindings"}
[debug] [2020-09-26T11:46:27.873Z] <<< HTTP RESPONSE 200 {"content-type":"application/json; charset=UTF-8","vary":"X-Origin, Referer, Origin,Accept-Encoding","date":"Sat, 26 Sep 2020 11:46:27 GMT","server":"ESF","cache-control":"private","x-xss-protection":"0","x-frame-options":"SAMEORIGIN","x-content-type-options":"nosniff","alt-svc":"h3-Q050=\":443\"; ma=2592000,h3-29=\":443\"; ma=2592000,h3-27=\":443\"; ma=2592000,h3-T051=\":443\"; ma=2592000,h3-T050=\":443\"; ma=2592000,h3-Q046=\":443\"; ma=2592000,h3-Q043=\":443\"; ma=2592000,quic=\":443\"; ma=2592000; v=\"46,43\"","accept-ranges":"none","transfer-encoding":"chunked"}
[debug] [2020-09-26T11:46:27.878Z] >>> HTTP REQUEST GET https://cloudfunctions.googleapis.com/v1/projects/csafety-fa0b3/locations/-/functions  
 
[debug] [2020-09-26T11:46:28.544Z] <<< HTTP RESPONSE 200 {"content-type":"application/json; charset=UTF-8","vary":"X-Origin, Referer, Origin,Accept-Encoding","date":"Sat, 26 Sep 2020 11:46:28 GMT","server":"ESF","cache-control":"private","x-xss-protection":"0","x-frame-options":"SAMEORIGIN","x-content-type-options":"nosniff","alt-svc":"h3-Q050=\":443\"; ma=2592000,h3-29=\":443\"; ma=2592000,h3-27=\":443\"; ma=2592000,h3-T051=\":443\"; ma=2592000,h3-T050=\":443\"; ma=2592000,h3-Q046=\":443\"; ma=2592000,h3-Q043=\":443\"; ma=2592000,quic=\":443\"; ma=2592000; v=\"46,43\"","accept-ranges":"none","transfer-encoding":"chunked"}
[debug] [2020-09-26T11:46:28.547Z] >>> HTTP REQUEST GET https://cloudfunctions.googleapis.com/v1/operations/Y3NhZmV0eS1mYTBiMy91cy1jZW50cmFsMS9hcHAvdVF0SXZBVUJCUzQ  
 
[debug] [2020-09-26T11:46:30.920Z] <<< HTTP RESPONSE 200 {"content-type":"application/json; charset=UTF-8","vary":"X-Origin, Referer, Origin,Accept-Encoding","date":"Sat, 26 Sep 2020 11:46:30 GMT","server":"ESF","cache-control":"private","x-xss-protection":"0","x-frame-options":"SAMEORIGIN","x-content-type-options":"nosniff","alt-svc":"h3-Q050=\":443\"; ma=2592000,h3-29=\":443\"; ma=2592000,h3-27=\":443\"; ma=2592000,h3-T051=\":443\"; ma=2592000,h3-T050=\":443\"; ma=2592000,h3-Q046=\":443\"; ma=2592000,h3-Q043=\":443\"; ma=2592000,quic=\":443\"; ma=2592000; v=\"46,43\"","accept-ranges":"none","transfer-encoding":"chunked"}
[debug] [2020-09-26T11:46:32.924Z] >>> HTTP REQUEST GET https://cloudfunctions.googleapis.com/v1/operations/Y3NhZmV0eS1mYTBiMy91cy1jZW50cmFsMS9hcHAvdVF0SXZBVUJCUzQ  
 
[debug] [2020-09-26T11:46:34.387Z] <<< HTTP RESPONSE 200 {"content-type":"application/json; charset=UTF-8","vary":"X-Origin, Referer, Origin,Accept-Encoding","date":"Sat, 26 Sep 2020 11:46:34 GMT","server":"ESF","cache-control":"private","x-xss-protection":"0","x-frame-options":"SAMEORIGIN","x-content-type-options":"nosniff","alt-svc":"h3-Q050=\":443\"; ma=2592000,h3-29=\":443\"; ma=2592000,h3-27=\":443\"; ma=2592000,h3-T051=\":443\"; ma=2592000,h3-T050=\":443\"; ma=2592000,h3-Q046=\":443\"; ma=2592000,h3-Q043=\":443\"; ma=2592000,quic=\":443\"; ma=2592000; v=\"46,43\"","accept-ranges":"none","transfer-encoding":"chunked"}
[debug] [2020-09-26T11:46:36.391Z] >>> HTTP REQUEST GET https://cloudfunctions.googleapis.com/v1/operations/Y3NhZmV0eS1mYTBiMy91cy1jZW50cmFsMS9hcHAvdVF0SXZBVUJCUzQ  
 
[debug] [2020-09-26T11:46:38.716Z] <<< HTTP RESPONSE 200 {"content-type":"application/json; charset=UTF-8","vary":"X-Origin, Referer, Origin,Accept-Encoding","date":"Sat, 26 Sep 2020 11:46:38 GMT","server":"ESF","cache-control":"private","x-xss-protection":"0","x-frame-options":"SAMEORIGIN","x-content-type-options":"nosniff","alt-svc":"h3-Q050=\":443\"; ma=2592000,h3-29=\":443\"; ma=2592000,h3-27=\":443\"; ma=2592000,h3-T051=\":443\"; ma=2592000,h3-T050=\":443\"; ma=2592000,h3-Q046=\":443\"; ma=2592000,h3-Q043=\":443\"; ma=2592000,quic=\":443\"; ma=2592000; v=\"46,43\"","accept-ranges":"none","transfer-encoding":"chunked"}
[debug] [2020-09-26T11:46:40.723Z] >>> HTTP REQUEST GET https://cloudfunctions.googleapis.com/v1/operations/Y3NhZmV0eS1mYTBiMy91cy1jZW50cmFsMS9hcHAvdVF0SXZBVUJCUzQ  
 
[debug] [2020-09-26T11:46:43.104Z] <<< HTTP RESPONSE 200 {"content-type":"application/json; charset=UTF-8","vary":"X-Origin, Referer, Origin,Accept-Encoding","date":"Sat, 26 Sep 2020 11:46:43 GMT","server":"ESF","cache-control":"private","x-xss-protection":"0","x-frame-options":"SAMEORIGIN","x-content-type-options":"nosniff","alt-svc":"h3-Q050=\":443\"; ma=2592000,h3-29=\":443\"; ma=2592000,h3-27=\":443\"; ma=2592000,h3-T051=\":443\"; ma=2592000,h3-T050=\":443\"; ma=2592000,h3-Q046=\":443\"; ma=2592000,h3-Q043=\":443\"; ma=2592000,quic=\":443\"; ma=2592000; v=\"46,43\"","accept-ranges":"none","transfer-encoding":"chunked"}
[debug] [2020-09-26T11:46:45.108Z] >>> HTTP REQUEST GET https://cloudfunctions.googleapis.com/v1/operations/Y3NhZmV0eS1mYTBiMy91cy1jZW50cmFsMS9hcHAvdVF0SXZBVUJCUzQ  
 
[debug] [2020-09-26T11:46:46.585Z] <<< HTTP RESPONSE 200 {"content-type":"application/json; charset=UTF-8","vary":"X-Origin, Referer, Origin,Accept-Encoding","date":"Sat, 26 Sep 2020 11:46:46 GMT","server":"ESF","cache-control":"private","x-xss-protection":"0","x-frame-options":"SAMEORIGIN","x-content-type-options":"nosniff","alt-svc":"h3-Q050=\":443\"; ma=2592000,h3-29=\":443\"; ma=2592000,h3-27=\":443\"; ma=2592000,h3-T051=\":443\"; ma=2592000,h3-T050=\":443\"; ma=2592000,h3-Q046=\":443\"; ma=2592000,h3-Q043=\":443\"; ma=2592000,quic=\":443\"; ma=2592000; v=\"46,43\"","accept-ranges":"none","transfer-encoding":"chunked"}
[debug] [2020-09-26T11:46:48.588Z] >>> HTTP REQUEST GET https://cloudfunctions.googleapis.com/v1/operations/Y3NhZmV0eS1mYTBiMy91cy1jZW50cmFsMS9hcHAvdVF0SXZBVUJCUzQ  
 
[debug] [2020-09-26T11:46:49.958Z] <<< HTTP RESPONSE 200 {"content-type":"application/json; charset=UTF-8","vary":"X-Origin, Referer, Origin,Accept-Encoding","date":"Sat, 26 Sep 2020 11:46:49 GMT","server":"ESF","cache-control":"private","x-xss-protection":"0","x-frame-options":"SAMEORIGIN","x-content-type-options":"nosniff","alt-svc":"h3-Q050=\":443\"; ma=2592000,h3-29=\":443\"; ma=2592000,h3-27=\":443\"; ma=2592000,h3-T051=\":443\"; ma=2592000,h3-T050=\":443\"; ma=2592000,h3-Q046=\":443\"; ma=2592000,h3-Q043=\":443\"; ma=2592000,quic=\":443\"; ma=2592000; v=\"46,43\"","accept-ranges":"none","transfer-encoding":"chunked"}
[debug] [2020-09-26T11:46:51.960Z] >>> HTTP REQUEST GET https://cloudfunctions.googleapis.com/v1/operations/Y3NhZmV0eS1mYTBiMy91cy1jZW50cmFsMS9hcHAvdVF0SXZBVUJCUzQ  
 
[debug] [2020-09-26T11:46:52.415Z] <<< HTTP RESPONSE 200 {"content-type":"application/json; charset=UTF-8","vary":"X-Origin, Referer, Origin,Accept-Encoding","date":"Sat, 26 Sep 2020 11:46:52 GMT","server":"ESF","cache-control":"private","x-xss-protection":"0","x-frame-options":"SAMEORIGIN","x-content-type-options":"nosniff","alt-svc":"h3-Q050=\":443\"; ma=2592000,h3-29=\":443\"; ma=2592000,h3-27=\":443\"; ma=2592000,h3-T051=\":443\"; ma=2592000,h3-T050=\":443\"; ma=2592000,h3-Q046=\":443\"; ma=2592000,h3-Q043=\":443\"; ma=2592000,quic=\":443\"; ma=2592000; v=\"46,43\"","accept-ranges":"none","transfer-encoding":"chunked"}
[debug] [2020-09-26T11:46:54.418Z] >>> HTTP REQUEST GET https://cloudfunctions.googleapis.com/v1/operations/Y3NhZmV0eS1mYTBiMy91cy1jZW50cmFsMS9hcHAvdVF0SXZBVUJCUzQ  
 
[debug] [2020-09-26T11:46:54.917Z] <<< HTTP RESPONSE 200 {"content-type":"application/json; charset=UTF-8","vary":"X-Origin, Referer, Origin,Accept-Encoding","date":"Sat, 26 Sep 2020 11:46:54 GMT","server":"ESF","cache-control":"private","x-xss-protection":"0","x-frame-options":"SAMEORIGIN","x-content-type-options":"nosniff","alt-svc":"h3-Q050=\":443\"; ma=2592000,h3-29=\":443\"; ma=2592000,h3-27=\":443\"; ma=2592000,h3-T051=\":443\"; ma=2592000,h3-T050=\":443\"; ma=2592000,h3-Q046=\":443\"; ma=2592000,h3-Q043=\":443\"; ma=2592000,quic=\":443\"; ma=2592000; v=\"46,43\"","accept-ranges":"none","transfer-encoding":"chunked"}
[debug] [2020-09-26T11:46:56.919Z] >>> HTTP REQUEST GET https://cloudfunctions.googleapis.com/v1/operations/Y3NhZmV0eS1mYTBiMy91cy1jZW50cmFsMS9hcHAvdVF0SXZBVUJCUzQ  
 
[debug] [2020-09-26T11:46:57.450Z] <<< HTTP RESPONSE 200 {"content-type":"application/json; charset=UTF-8","vary":"X-Origin, Referer, Origin,Accept-Encoding","date":"Sat, 26 Sep 2020 11:46:57 GMT","server":"ESF","cache-control":"private","x-xss-protection":"0","x-frame-options":"SAMEORIGIN","x-content-type-options":"nosniff","alt-svc":"h3-Q050=\":443\"; ma=2592000,h3-29=\":443\"; ma=2592000,h3-27=\":443\"; ma=2592000,h3-T051=\":443\"; ma=2592000,h3-T050=\":443\"; ma=2592000,h3-Q046=\":443\"; ma=2592000,h3-Q043=\":443\"; ma=2592000,quic=\":443\"; ma=2592000; v=\"46,43\"","accept-ranges":"none","transfer-encoding":"chunked"}
[debug] [2020-09-26T11:46:59.453Z] >>> HTTP REQUEST GET https://cloudfunctions.googleapis.com/v1/operations/Y3NhZmV0eS1mYTBiMy91cy1jZW50cmFsMS9hcHAvdVF0SXZBVUJCUzQ  
 
[debug] [2020-09-26T11:46:59.934Z] <<< HTTP RESPONSE 200 {"content-type":"application/json; charset=UTF-8","vary":"X-Origin, Referer, Origin,Accept-Encoding","date":"Sat, 26 Sep 2020 11:46:59 GMT","server":"ESF","cache-control":"private","x-xss-protection":"0","x-frame-options":"SAMEORIGIN","x-content-type-options":"nosniff","alt-svc":"h3-Q050=\":443\"; ma=2592000,h3-29=\":443\"; ma=2592000,h3-27=\":443\"; ma=2592000,h3-T051=\":443\"; ma=2592000,h3-T050=\":443\"; ma=2592000,h3-Q046=\":443\"; ma=2592000,h3-Q043=\":443\"; ma=2592000,quic=\":443\"; ma=2592000; v=\"46,43\"","accept-ranges":"none","transfer-encoding":"chunked"}
[debug] [2020-09-26T11:47:01.937Z] >>> HTTP REQUEST GET https://cloudfunctions.googleapis.com/v1/operations/Y3NhZmV0eS1mYTBiMy91cy1jZW50cmFsMS9hcHAvdVF0SXZBVUJCUzQ  
 
[debug] [2020-09-26T11:47:02.398Z] <<< HTTP RESPONSE 200 {"content-type":"application/json; charset=UTF-8","vary":"X-Origin, Referer, Origin,Accept-Encoding","date":"Sat, 26 Sep 2020 11:47:02 GMT","server":"ESF","cache-control":"private","x-xss-protection":"0","x-frame-options":"SAMEORIGIN","x-content-type-options":"nosniff","alt-svc":"h3-Q050=\":443\"; ma=2592000,h3-29=\":443\"; ma=2592000,h3-27=\":443\"; ma=2592000,h3-T051=\":443\"; ma=2592000,h3-T050=\":443\"; ma=2592000,h3-Q046=\":443\"; ma=2592000,h3-Q043=\":443\"; ma=2592000,quic=\":443\"; ma=2592000; v=\"46,43\"","accept-ranges":"none","transfer-encoding":"chunked"}
[debug] [2020-09-26T11:47:04.404Z] >>> HTTP REQUEST GET https://cloudfunctions.googleapis.com/v1/operations/Y3NhZmV0eS1mYTBiMy91cy1jZW50cmFsMS9hcHAvdVF0SXZBVUJCUzQ  
 
[debug] [2020-09-26T11:47:04.864Z] <<< HTTP RESPONSE 200 {"content-type":"application/json; charset=UTF-8","vary":"X-Origin, Referer, Origin,Accept-Encoding","date":"Sat, 26 Sep 2020 11:47:04 GMT","server":"ESF","cache-control":"private","x-xss-protection":"0","x-frame-options":"SAMEORIGIN","x-content-type-options":"nosniff","alt-svc":"h3-Q050=\":443\"; ma=2592000,h3-29=\":443\"; ma=2592000,h3-27=\":443\"; ma=2592000,h3-T051=\":443\"; ma=2592000,h3-T050=\":443\"; ma=2592000,h3-Q046=\":443\"; ma=2592000,h3-Q043=\":443\"; ma=2592000,quic=\":443\"; ma=2592000; v=\"46,43\"","accept-ranges":"none","transfer-encoding":"chunked"}
[debug] [2020-09-26T11:47:06.868Z] >>> HTTP REQUEST GET https://cloudfunctions.googleapis.com/v1/operations/Y3NhZmV0eS1mYTBiMy91cy1jZW50cmFsMS9hcHAvdVF0SXZBVUJCUzQ  
 
[debug] [2020-09-26T11:47:07.318Z] <<< HTTP RESPONSE 200 {"content-type":"application/json; charset=UTF-8","vary":"X-Origin, Referer, Origin,Accept-Encoding","date":"Sat, 26 Sep 2020 11:47:07 GMT","server":"ESF","cache-control":"private","x-xss-protection":"0","x-frame-options":"SAMEORIGIN","x-content-type-options":"nosniff","alt-svc":"h3-Q050=\":443\"; ma=2592000,h3-29=\":443\"; ma=2592000,h3-27=\":443\"; ma=2592000,h3-T051=\":443\"; ma=2592000,h3-T050=\":443\"; ma=2592000,h3-Q046=\":443\"; ma=2592000,h3-Q043=\":443\"; ma=2592000,quic=\":443\"; ma=2592000; v=\"46,43\"","accept-ranges":"none","transfer-encoding":"chunked"}
[debug] [2020-09-26T11:47:09.322Z] >>> HTTP REQUEST GET https://cloudfunctions.googleapis.com/v1/operations/Y3NhZmV0eS1mYTBiMy91cy1jZW50cmFsMS9hcHAvdVF0SXZBVUJCUzQ  
 
[debug] [2020-09-26T11:47:09.780Z] <<< HTTP RESPONSE 200 {"content-type":"application/json; charset=UTF-8","vary":"X-Origin, Referer, Origin,Accept-Encoding","date":"Sat, 26 Sep 2020 11:47:09 GMT","server":"ESF","cache-control":"private","x-xss-protection":"0","x-frame-options":"SAMEORIGIN","x-content-type-options":"nosniff","alt-svc":"h3-Q050=\":443\"; ma=2592000,h3-29=\":443\"; ma=2592000,h3-27=\":443\"; ma=2592000,h3-T051=\":443\"; ma=2592000,h3-T050=\":443\"; ma=2592000,h3-Q046=\":443\"; ma=2592000,h3-Q043=\":443\"; ma=2592000,quic=\":443\"; ma=2592000; v=\"46,43\"","accept-ranges":"none","transfer-encoding":"chunked"}
[debug] [2020-09-26T11:47:11.782Z] >>> HTTP REQUEST GET https://cloudfunctions.googleapis.com/v1/operations/Y3NhZmV0eS1mYTBiMy91cy1jZW50cmFsMS9hcHAvdVF0SXZBVUJCUzQ  
 
[debug] [2020-09-26T11:47:12.292Z] <<< HTTP RESPONSE 200 {"content-type":"application/json; charset=UTF-8","vary":"X-Origin, Referer, Origin,Accept-Encoding","date":"Sat, 26 Sep 2020 11:47:12 GMT","server":"ESF","cache-control":"private","x-xss-protection":"0","x-frame-options":"SAMEORIGIN","x-content-type-options":"nosniff","alt-svc":"h3-Q050=\":443\"; ma=2592000,h3-29=\":443\"; ma=2592000,h3-27=\":443\"; ma=2592000,h3-T051=\":443\"; ma=2592000,h3-T050=\":443\"; ma=2592000,h3-Q046=\":443\"; ma=2592000,h3-Q043=\":443\"; ma=2592000,quic=\":443\"; ma=2592000; v=\"46,43\"","accept-ranges":"none","transfer-encoding":"chunked"}
[debug] [2020-09-26T11:47:14.296Z] >>> HTTP REQUEST GET https://cloudfunctions.googleapis.com/v1/operations/Y3NhZmV0eS1mYTBiMy91cy1jZW50cmFsMS9hcHAvdVF0SXZBVUJCUzQ  
 
[debug] [2020-09-26T11:47:14.761Z] <<< HTTP RESPONSE 200 {"content-type":"application/json; charset=UTF-8","vary":"X-Origin, Referer, Origin,Accept-Encoding","date":"Sat, 26 Sep 2020 11:47:14 GMT","server":"ESF","cache-control":"private","x-xss-protection":"0","x-frame-options":"SAMEORIGIN","x-content-type-options":"nosniff","alt-svc":"h3-Q050=\":443\"; ma=2592000,h3-29=\":443\"; ma=2592000,h3-27=\":443\"; ma=2592000,h3-T051=\":443\"; ma=2592000,h3-T050=\":443\"; ma=2592000,h3-Q046=\":443\"; ma=2592000,h3-Q043=\":443\"; ma=2592000,quic=\":443\"; ma=2592000; v=\"46,43\"","accept-ranges":"none","transfer-encoding":"chunked"}
[debug] [2020-09-26T11:47:16.764Z] >>> HTTP REQUEST GET https://cloudfunctions.googleapis.com/v1/operations/Y3NhZmV0eS1mYTBiMy91cy1jZW50cmFsMS9hcHAvdVF0SXZBVUJCUzQ  
 
[debug] [2020-09-26T11:47:17.220Z] <<< HTTP RESPONSE 200 {"content-type":"application/json; charset=UTF-8","vary":"X-Origin, Referer, Origin,Accept-Encoding","date":"Sat, 26 Sep 2020 11:47:17 GMT","server":"ESF","cache-control":"private","x-xss-protection":"0","x-frame-options":"SAMEORIGIN","x-content-type-options":"nosniff","alt-svc":"h3-Q050=\":443\"; ma=2592000,h3-29=\":443\"; ma=2592000,h3-27=\":443\"; ma=2592000,h3-T051=\":443\"; ma=2592000,h3-T050=\":443\"; ma=2592000,h3-Q046=\":443\"; ma=2592000,h3-Q043=\":443\"; ma=2592000,quic=\":443\"; ma=2592000; v=\"46,43\"","accept-ranges":"none","transfer-encoding":"chunked"}
[debug] [2020-09-26T11:47:19.222Z] >>> HTTP REQUEST GET https://cloudfunctions.googleapis.com/v1/operations/Y3NhZmV0eS1mYTBiMy91cy1jZW50cmFsMS9hcHAvdVF0SXZBVUJCUzQ  
 
[debug] [2020-09-26T11:47:19.711Z] <<< HTTP RESPONSE 200 {"content-type":"application/json; charset=UTF-8","vary":"X-Origin, Referer, Origin,Accept-Encoding","date":"Sat, 26 Sep 2020 11:47:19 GMT","server":"ESF","cache-control":"private","x-xss-protection":"0","x-frame-options":"SAMEORIGIN","x-content-type-options":"nosniff","alt-svc":"h3-Q050=\":443\"; ma=2592000,h3-29=\":443\"; ma=2592000,h3-27=\":443\"; ma=2592000,h3-T051=\":443\"; ma=2592000,h3-T050=\":443\"; ma=2592000,h3-Q046=\":443\"; ma=2592000,h3-Q043=\":443\"; ma=2592000,quic=\":443\"; ma=2592000; v=\"46,43\"","accept-ranges":"none","transfer-encoding":"chunked"}
[debug] [2020-09-26T11:47:21.714Z] >>> HTTP REQUEST GET https://cloudfunctions.googleapis.com/v1/operations/Y3NhZmV0eS1mYTBiMy91cy1jZW50cmFsMS9hcHAvdVF0SXZBVUJCUzQ  
 
[debug] [2020-09-26T11:47:22.182Z] <<< HTTP RESPONSE 200 {"content-type":"application/json; charset=UTF-8","vary":"X-Origin, Referer, Origin,Accept-Encoding","date":"Sat, 26 Sep 2020 11:47:22 GMT","server":"ESF","cache-control":"private","x-xss-protection":"0","x-frame-options":"SAMEORIGIN","x-content-type-options":"nosniff","alt-svc":"h3-Q050=\":443\"; ma=2592000,h3-29=\":443\"; ma=2592000,h3-27=\":443\"; ma=2592000,h3-T051=\":443\"; ma=2592000,h3-T050=\":443\"; ma=2592000,h3-Q046=\":443\"; ma=2592000,h3-Q043=\":443\"; ma=2592000,quic=\":443\"; ma=2592000; v=\"46,43\"","accept-ranges":"none","transfer-encoding":"chunked"}
[debug] [2020-09-26T11:47:24.187Z] >>> HTTP REQUEST GET https://cloudfunctions.googleapis.com/v1/operations/Y3NhZmV0eS1mYTBiMy91cy1jZW50cmFsMS9hcHAvdVF0SXZBVUJCUzQ  
 
[debug] [2020-09-26T11:47:24.641Z] <<< HTTP RESPONSE 200 {"content-type":"application/json; charset=UTF-8","vary":"X-Origin, Referer, Origin,Accept-Encoding","date":"Sat, 26 Sep 2020 11:47:24 GMT","server":"ESF","cache-control":"private","x-xss-protection":"0","x-frame-options":"SAMEORIGIN","x-content-type-options":"nosniff","alt-svc":"h3-Q050=\":443\"; ma=2592000,h3-29=\":443\"; ma=2592000,h3-27=\":443\"; ma=2592000,h3-T051=\":443\"; ma=2592000,h3-T050=\":443\"; ma=2592000,h3-Q046=\":443\"; ma=2592000,h3-Q043=\":443\"; ma=2592000,quic=\":443\"; ma=2592000; v=\"46,43\"","accept-ranges":"none","transfer-encoding":"chunked"}
[debug] [2020-09-26T11:47:26.644Z] >>> HTTP REQUEST GET https://cloudfunctions.googleapis.com/v1/operations/Y3NhZmV0eS1mYTBiMy91cy1jZW50cmFsMS9hcHAvdVF0SXZBVUJCUzQ  
 
[debug] [2020-09-26T11:47:27.106Z] <<< HTTP RESPONSE 200 {"content-type":"application/json; charset=UTF-8","vary":"X-Origin, Referer, Origin,Accept-Encoding","date":"Sat, 26 Sep 2020 11:47:27 GMT","server":"ESF","cache-control":"private","x-xss-protection":"0","x-frame-options":"SAMEORIGIN","x-content-type-options":"nosniff","alt-svc":"h3-Q050=\":443\"; ma=2592000,h3-29=\":443\"; ma=2592000,h3-27=\":443\"; ma=2592000,h3-T051=\":443\"; ma=2592000,h3-T050=\":443\"; ma=2592000,h3-Q046=\":443\"; ma=2592000,h3-Q043=\":443\"; ma=2592000,quic=\":443\"; ma=2592000; v=\"46,43\"","accept-ranges":"none","transfer-encoding":"chunked"}
[debug] [2020-09-26T11:47:29.107Z] >>> HTTP REQUEST GET https://cloudfunctions.googleapis.com/v1/operations/Y3NhZmV0eS1mYTBiMy91cy1jZW50cmFsMS9hcHAvdVF0SXZBVUJCUzQ  
 
[debug] [2020-09-26T11:47:29.569Z] <<< HTTP RESPONSE 200 {"content-type":"application/json; charset=UTF-8","vary":"X-Origin, Referer, Origin,Accept-Encoding","date":"Sat, 26 Sep 2020 11:47:29 GMT","server":"ESF","cache-control":"private","x-xss-protection":"0","x-frame-options":"SAMEORIGIN","x-content-type-options":"nosniff","alt-svc":"h3-Q050=\":443\"; ma=2592000,h3-29=\":443\"; ma=2592000,h3-27=\":443\"; ma=2592000,h3-T051=\":443\"; ma=2592000,h3-T050=\":443\"; ma=2592000,h3-Q046=\":443\"; ma=2592000,h3-Q043=\":443\"; ma=2592000,quic=\":443\"; ma=2592000; v=\"46,43\"","accept-ranges":"none","transfer-encoding":"chunked"}
[debug] [2020-09-26T11:47:31.572Z] >>> HTTP REQUEST GET https://cloudfunctions.googleapis.com/v1/operations/Y3NhZmV0eS1mYTBiMy91cy1jZW50cmFsMS9hcHAvdVF0SXZBVUJCUzQ  
 
[debug] [2020-09-26T11:47:32.091Z] <<< HTTP RESPONSE 200 {"content-type":"application/json; charset=UTF-8","vary":"X-Origin, Referer, Origin,Accept-Encoding","date":"Sat, 26 Sep 2020 11:47:32 GMT","server":"ESF","cache-control":"private","x-xss-protection":"0","x-frame-options":"SAMEORIGIN","x-content-type-options":"nosniff","alt-svc":"h3-Q050=\":443\"; ma=2592000,h3-29=\":443\"; ma=2592000,h3-27=\":443\"; ma=2592000,h3-T051=\":443\"; ma=2592000,h3-T050=\":443\"; ma=2592000,h3-Q046=\":443\"; ma=2592000,h3-Q043=\":443\"; ma=2592000,quic=\":443\"; ma=2592000; v=\"46,43\"","accept-ranges":"none","transfer-encoding":"chunked"}
[debug] [2020-09-26T11:47:34.094Z] >>> HTTP REQUEST GET https://cloudfunctions.googleapis.com/v1/operations/Y3NhZmV0eS1mYTBiMy91cy1jZW50cmFsMS9hcHAvdVF0SXZBVUJCUzQ  
 
[debug] [2020-09-26T11:47:34.543Z] <<< HTTP RESPONSE 200 {"content-type":"application/json; charset=UTF-8","vary":"X-Origin, Referer, Origin,Accept-Encoding","date":"Sat, 26 Sep 2020 11:47:34 GMT","server":"ESF","cache-control":"private","x-xss-protection":"0","x-frame-options":"SAMEORIGIN","x-content-type-options":"nosniff","alt-svc":"h3-Q050=\":443\"; ma=2592000,h3-29=\":443\"; ma=2592000,h3-27=\":443\"; ma=2592000,h3-T051=\":443\"; ma=2592000,h3-T050=\":443\"; ma=2592000,h3-Q046=\":443\"; ma=2592000,h3-Q043=\":443\"; ma=2592000,quic=\":443\"; ma=2592000; v=\"46,43\"","accept-ranges":"none","transfer-encoding":"chunked"}
[debug] [2020-09-26T11:47:36.546Z] >>> HTTP REQUEST GET https://cloudfunctions.googleapis.com/v1/operations/Y3NhZmV0eS1mYTBiMy91cy1jZW50cmFsMS9hcHAvdVF0SXZBVUJCUzQ  
 
